<?xml version="1.0" encoding="UTF-8"?>
<!-- Generated by org.testng.reporters.JUnitReportReporter -->
<testsuite hostname="sravankumarc" failures="0" tests="1" name="rmgYantra.PostRequestWithoutBdd" time="2.453" errors="0" timestamp="16 Dec 2022 05:26:55 GMT" skipped="0">
  <testcase classname="rmgYantra.PostRequestWithoutBdd" name="createRequest" time="2.453"/>
</testsuite> <!-- rmgYantra.PostRequestWithoutBdd -->
