<?xml version="1.0" encoding="UTF-8"?>
<!-- Generated by org.testng.reporters.JUnitReportReporter -->
<testsuite hostname="sravankumarc" failures="0" tests="1" name="usingDatabase.UsingBaseTest" time="3.386" errors="0" timestamp="2022-12-19T17:55:02 IST" skipped="0">
  <testcase classname="usingDatabase.UsingBaseTest" name="createRequest" time="3.386"/>
  <system-out/>
</testsuite> <!-- usingDatabase.UsingBaseTest -->
