<?xml version="1.0" encoding="UTF-8"?>
<!-- Generated by org.testng.reporters.JUnitReportReporter -->
<testsuite hostname="sravankumarc" failures="0" tests="1" name="rmgYantraWithBdd.PostUsingEndPoints" time="1.993" errors="0" timestamp="16 Dec 2022 10:09:33 GMT" skipped="0">
  <testcase classname="rmgYantraWithBdd.PostUsingEndPoints" name="usingEndpoints" time="1.993"/>
</testsuite> <!-- rmgYantraWithBdd.PostUsingEndPoints -->
