<?xml version="1.0" encoding="UTF-8"?>
<!-- Generated by org.testng.reporters.JUnitReportReporter -->
<testsuite hostname="sravankumarc" failures="0" tests="1" name="rmgYantra.PostRequestUsingJsonFile" time="2.738" errors="0" timestamp="16 Dec 2022 05:58:55 GMT" skipped="0">
  <testcase classname="rmgYantra.PostRequestUsingJsonFile" name="createRequestUsingJsonFile" time="2.738"/>
</testsuite> <!-- rmgYantra.PostRequestUsingJsonFile -->
