<?xml version="1.0" encoding="UTF-8"?>
<!-- Generated by org.testng.reporters.JUnitReportReporter -->
<testsuite hostname="sravankumarc" failures="0" tests="1" name="usingDatabase.CreateUpdateAndDeleteTest" time="3.678" errors="0" timestamp="2022-12-19T15:27:51 IST" skipped="0">
  <testcase classname="usingDatabase.CreateUpdateAndDeleteTest" name="createRequest" time="3.678"/>
  <system-out/>
</testsuite> <!-- usingDatabase.CreateUpdateAndDeleteTest -->
