<?xml version="1.0" encoding="UTF-8"?>
<!-- Generated by org.testng.reporters.JUnitReportReporter -->
<testsuite hostname="sravankumarc" failures="0" tests="1" name="rmgYantraWithBdd.UsingHashMap" time="1.916" errors="0" timestamp="16 Dec 2022 06:20:59 GMT" skipped="0">
  <testcase classname="rmgYantraWithBdd.UsingHashMap" name="usingHashMap" time="1.916"/>
</testsuite> <!-- rmgYantraWithBdd.UsingHashMap -->
