<?xml version="1.0" encoding="UTF-8"?>
<!-- Generated by org.testng.reporters.JUnitReportReporter -->
<testsuite hostname="sravankumarc" failures="0" tests="1" name="usingDatabase.UsingDatabaseTest" time="3.253" errors="0" timestamp="16 Dec 2022 15:33:40 GMT" skipped="0">
  <testcase classname="usingDatabase.UsingDatabaseTest" name="usingDB" time="3.253"/>
</testsuite> <!-- usingDatabase.UsingDatabaseTest -->
