<?xml version="1.0" encoding="UTF-8"?>
<!-- Generated by org.testng.reporters.JUnitReportReporter -->
<testsuite hostname="sravankumarc" failures="0" tests="1" name="usingDatabase.UsingDBTest" time="4.115" errors="0" timestamp="2022-12-19T16:31:48 IST" skipped="0">
  <testcase classname="usingDatabase.UsingDBTest" name="verifyDb" time="4.115"/>
  <system-out/>
</testsuite> <!-- usingDatabase.UsingDBTest -->
