<?xml version="1.0" encoding="UTF-8"?>
<!-- Generated by org.testng.reporters.JUnitReportReporter -->
<testsuite hostname="sravankumarc" failures="0" tests="1" name="usingDatabase.UsingBaseApiTest" time="3.175" errors="0" timestamp="2022-12-16T21:30:31 IST" skipped="0">
  <testcase classname="usingDatabase.UsingBaseApiTest" name="usingBaseApi" time="3.175"/>
  <system-out/>
</testsuite> <!-- usingDatabase.UsingBaseApiTest -->
