<?xml version="1.0" encoding="UTF-8"?>
<!-- Generated by org.testng.reporters.JUnitReportReporter -->
<testsuite hostname="sravankumarc" failures="0" tests="1" name="rmgYantra.PostRequestWithHashMap" time="2.312" errors="0" timestamp="16 Dec 2022 05:48:47 GMT" skipped="0">
  <testcase classname="rmgYantra.PostRequestWithHashMap" name="createRequest" time="2.312"/>
</testsuite> <!-- rmgYantra.PostRequestWithHashMap -->
