<?xml version="1.0" encoding="UTF-8"?>
<!-- Generated by org.testng.reporters.JUnitReportReporter -->
<testsuite hostname="sravankumarc" failures="0" tests="1" name="usingDatabase.CreateVerifyInDB" time="3.586" errors="0" timestamp="2022-12-19T15:57:53 IST" skipped="0">
  <testcase classname="usingDatabase.CreateVerifyInDB" name="createRequest" time="3.586"/>
  <system-out/>
</testsuite> <!-- usingDatabase.CreateVerifyInDB -->
