<?xml version="1.0" encoding="UTF-8"?>
<!-- Generated by org.testng.reporters.JUnitReportReporter -->
<testsuite hostname="sravankumarc" failures="0" tests="1" name="rmgYantraWithBdd.UsingFaker" time="2.413" errors="0" timestamp="16 Dec 2022 09:47:04 GMT" skipped="0">
  <testcase classname="rmgYantraWithBdd.UsingFaker" name="usingFaker" time="2.413"/>
</testsuite> <!-- rmgYantraWithBdd.UsingFaker -->
