<?xml version="1.0" encoding="UTF-8"?>
<!-- Generated by org.testng.reporters.JUnitReportReporter -->
<testsuite hostname="sravankumarc" failures="0" tests="3" name="rmgYantraWithBdd.UsingDataProvider" time="2.772" errors="0" timestamp="16 Dec 2022 07:03:56 GMT" skipped="0">
  <testcase classname="rmgYantraWithBdd.UsingDataProvider" name="usingDataProvider" time="2.695"/>
  <testcase classname="rmgYantraWithBdd.UsingDataProvider" name="usingDataProvider" time="0.045"/>
  <testcase classname="rmgYantraWithBdd.UsingDataProvider" name="usingDataProvider" time="0.032"/>
</testsuite> <!-- rmgYantraWithBdd.UsingDataProvider -->
