<?xml version="1.0" encoding="UTF-8"?>
<!-- Generated by org.testng.reporters.JUnitReportReporter -->
<testsuite hostname="sravankumarc" failures="0" tests="1" name="usingDatabase.PostRequestUsingDbTest" time="3.010" errors="0" timestamp="16 Dec 2022 14:51:26 GMT" skipped="0">
  <testcase classname="usingDatabase.PostRequestUsingDbTest" name="usingDb" time="3.010"/>
</testsuite> <!-- usingDatabase.PostRequestUsingDbTest -->
